
****** Vivado(TM) HLS - High-Level Synthesis from C, C++ and SystemC v2019.2.1 (64-bit)
  **** SW Build 2729669 on Thu Dec  5 04:48:12 MST 2019
  **** IP Build 2729494 on Thu Dec  5 07:38:25 MST 2019
    ** Copyright 1986-2019 Xilinx, Inc. All Rights Reserved.

source /opt/xilinx/Xilinx_Vivado_vitis_2019.2/Vivado/2019.2/scripts/vivado_hls/hls.tcl -notrace
INFO: Applying HLS Y2K22 patch v1.2 for IP revision
INFO: [HLS 200-10] Running '/opt/xilinx/Xilinx_Vivado_vitis_2019.2/Vivado/2019.2/bin/unwrapped/lnx64.o/vivado_hls'
INFO: [HLS 200-10] For user 'gpm58' on host 'en-ec-ecelinux-08.coecis.cornell.edu' (Linux_x86_64 version 3.10.0-1160.81.1.el7.x86_64) on Wed Jul 26 01:44:58 EDT 2023
INFO: [HLS 200-10] On os "CentOS Linux release 7.9.2009 (Core)"
INFO: [HLS 200-10] In directory '/home/gpm58/5775_project'
Sourcing Tcl script 'mvecmult_cosim_script.tcl'
INFO: [HLS 200-10] Opening and resetting project '/home/gpm58/5775_project/mvecmult_xil_prj'.
INFO: [HLS 200-10] Adding design file 'mvecmult.cpp' to the project
INFO: [HLS 200-10] Adding test bench file 'mvecmult_tb.cpp' to the project
INFO: [HLS 200-10] Opening and resetting solution '/home/gpm58/5775_project/mvecmult_xil_prj/solution1'.
INFO: [HLS 200-10] Cleaning up the solution database.
INFO: [HLS 200-10] Setting target device to 'xc7z020-clg484-1'
INFO: [SYN 201-201] Setting up clock 'default' with a period of 10ns.
INFO: [SIM 211-2] *************** CSIM start ***************
INFO: [SIM 211-4] CSIM will launch GCC as the compiler.
   Compiling ../../../../mvecmult_tb.cpp in debug mode
   Compiling ../../../../mvecmult.cpp in debug mode
   Generating csim.exe
Test 1: Success
Test 2: Success
Test 3: Success
Test 4: Success
Test 5: Success
INFO: [SIM 211-1] CSim done with 0 errors.
INFO: [SIM 211-3] *************** CSIM finish ***************
INFO: [SCHED 204-61] Option 'relax_ii_for_timing' is enabled, will increase II to preserve clock frequency constraints.
INFO: [HLS 200-10] Analyzing design file 'mvecmult.cpp' ... 
INFO: [HLS 200-111] Finished Linking Time (s): cpu = 00:00:10 ; elapsed = 00:00:16 . Memory (MB): peak = 1172.684 ; gain = 530.188 ; free physical = 1173 ; free virtual = 28174
INFO: [HLS 200-111] Finished Checking Pragmas Time (s): cpu = 00:00:10 ; elapsed = 00:00:16 . Memory (MB): peak = 1172.684 ; gain = 530.188 ; free physical = 1173 ; free virtual = 28174
INFO: [HLS 200-10] Starting code transformations ...
INFO: [HLS 200-111] Finished Standard Transforms Time (s): cpu = 00:00:10 ; elapsed = 00:00:17 . Memory (MB): peak = 1172.684 ; gain = 530.188 ; free physical = 1173 ; free virtual = 28174
INFO: [HLS 200-10] Checking synthesizability ...
INFO: [HLS 200-111] Finished Checking Synthesizability Time (s): cpu = 00:00:10 ; elapsed = 00:00:17 . Memory (MB): peak = 1172.684 ; gain = 530.188 ; free physical = 1172 ; free virtual = 28173
INFO: [XFORM 203-101] Partitioning array 'A' (mvecmult.cpp:3) in dimension 2 with a cyclic factor 8.
WARNING: [XFORM 203-104] Completely partitioning array 'v' (mvecmult.cpp:3) accessed through non-constant indices on dimension 1 (mvecmult.cpp:13:2), which may result in long runtime and suboptimal QoR due to large multiplexers. Please consider wrapping the array access into a function or using a register file core instead.
INFO: [XFORM 203-101] Partitioning array 'v' (mvecmult.cpp:3) in dimension 1 completely.
WARNING: [XFORM 203-104] Completely partitioning array 'result' (mvecmult.cpp:3) accessed through non-constant indices on dimension 1 (mvecmult.cpp:10:9), which may result in long runtime and suboptimal QoR due to large multiplexers. Please consider wrapping the array access into a function or using a register file core instead.
INFO: [XFORM 203-101] Partitioning array 'result' (mvecmult.cpp:3) in dimension 1 completely.
INFO: [HLS 200-111] Finished Pre-synthesis Time (s): cpu = 00:00:13 ; elapsed = 00:00:20 . Memory (MB): peak = 1172.684 ; gain = 530.188 ; free physical = 1143 ; free virtual = 28144
INFO: [HLS 200-111] Finished Architecture Synthesis Time (s): cpu = 00:00:24 ; elapsed = 00:00:30 . Memory (MB): peak = 1172.684 ; gain = 530.188 ; free physical = 1138 ; free virtual = 28139
INFO: [HLS 200-10] Starting hardware synthesis ...
INFO: [HLS 200-10] Synthesizing 'mvecmult' ...
INFO: [HLS 200-10] ----------------------------------------------------------------
INFO: [HLS 200-42] -- Implementing module 'mvecmult' 
INFO: [HLS 200-10] ----------------------------------------------------------------
INFO: [SCHED 204-11] Starting scheduling ...
INFO: [SCHED 204-11] Finished scheduling.
INFO: [HLS 200-111]  Elapsed time: 37.4 seconds; current allocated memory: 173.995 MB.
INFO: [BIND 205-100] Starting micro-architecture generation ...
INFO: [BIND 205-101] Performing variable lifetime analysis.
INFO: [BIND 205-101] Exploring resource sharing.
INFO: [BIND 205-101] Binding ...
INFO: [BIND 205-100] Finished micro-architecture generation.
INFO: [HLS 200-111]  Elapsed time: 3.22 seconds; current allocated memory: 172.540 MB.
INFO: [HLS 200-10] ----------------------------------------------------------------
INFO: [HLS 200-10] -- Generating RTL for module 'mvecmult' 
INFO: [HLS 200-10] ----------------------------------------------------------------
INFO: [RTGEN 206-500] Setting interface mode on port 'mvecmult/A_0' to 'ap_memory'.
INFO: [RTGEN 206-500] Setting interface mode on port 'mvecmult/A_1' to 'ap_memory'.
INFO: [RTGEN 206-500] Setting interface mode on port 'mvecmult/A_2' to 'ap_memory'.
INFO: [RTGEN 206-500] Setting interface mode on port 'mvecmult/A_3' to 'ap_memory'.
INFO: [RTGEN 206-500] Setting interface mode on port 'mvecmult/A_4' to 'ap_memory'.
INFO: [RTGEN 206-500] Setting interface mode on port 'mvecmult/A_5' to 'ap_memory'.
INFO: [RTGEN 206-500] Setting interface mode on port 'mvecmult/A_6' to 'ap_memory'.
INFO: [RTGEN 206-500] Setting interface mode on port 'mvecmult/A_7' to 'ap_memory'.
INFO: [RTGEN 206-500] Setting interface mode on port 'mvecmult/v_0' to 'ap_none'.
INFO: [RTGEN 206-500] Setting interface mode on port 'mvecmult/v_1' to 'ap_none'.
INFO: [RTGEN 206-500] Setting interface mode on port 'mvecmult/v_2' to 'ap_none'.
INFO: [RTGEN 206-500] Setting interface mode on port 'mvecmult/v_3' to 'ap_none'.
INFO: [RTGEN 206-500] Setting interface mode on port 'mvecmult/v_4' to 'ap_none'.
INFO: [RTGEN 206-500] Setting interface mode on port 'mvecmult/v_5' to 'ap_none'.
INFO: [RTGEN 206-500] Setting interface mode on port 'mvecmult/v_6' to 'ap_none'.
INFO: [RTGEN 206-500] Setting interface mode on port 'mvecmult/v_7' to 'ap_none'.
INFO: [RTGEN 206-500] Setting interface mode on port 'mvecmult/v_8' to 'ap_none'.
INFO: [RTGEN 206-500] Setting interface mode on port 'mvecmult/v_9' to 'ap_none'.
INFO: [RTGEN 206-500] Setting interface mode on port 'mvecmult/v_10' to 'ap_none'.
INFO: [RTGEN 206-500] Setting interface mode on port 'mvecmult/v_11' to 'ap_none'.
INFO: [RTGEN 206-500] Setting interface mode on port 'mvecmult/v_12' to 'ap_none'.
INFO: [RTGEN 206-500] Setting interface mode on port 'mvecmult/v_13' to 'ap_none'.
INFO: [RTGEN 206-500] Setting interface mode on port 'mvecmult/v_14' to 'ap_none'.
INFO: [RTGEN 206-500] Setting interface mode on port 'mvecmult/v_15' to 'ap_none'.
INFO: [RTGEN 206-500] Setting interface mode on port 'mvecmult/v_16' to 'ap_none'.
INFO: [RTGEN 206-500] Setting interface mode on port 'mvecmult/v_17' to 'ap_none'.
INFO: [RTGEN 206-500] Setting interface mode on port 'mvecmult/v_18' to 'ap_none'.
INFO: [RTGEN 206-500] Setting interface mode on port 'mvecmult/v_19' to 'ap_none'.
INFO: [RTGEN 206-500] Setting interface mode on port 'mvecmult/v_20' to 'ap_none'.
INFO: [RTGEN 206-500] Setting interface mode on port 'mvecmult/v_21' to 'ap_none'.
INFO: [RTGEN 206-500] Setting interface mode on port 'mvecmult/v_22' to 'ap_none'.
INFO: [RTGEN 206-500] Setting interface mode on port 'mvecmult/v_23' to 'ap_none'.
INFO: [RTGEN 206-500] Setting interface mode on port 'mvecmult/v_24' to 'ap_none'.
INFO: [RTGEN 206-500] Setting interface mode on port 'mvecmult/v_25' to 'ap_none'.
INFO: [RTGEN 206-500] Setting interface mode on port 'mvecmult/v_26' to 'ap_none'.
INFO: [RTGEN 206-500] Setting interface mode on port 'mvecmult/v_27' to 'ap_none'.
INFO: [RTGEN 206-500] Setting interface mode on port 'mvecmult/v_28' to 'ap_none'.
INFO: [RTGEN 206-500] Setting interface mode on port 'mvecmult/v_29' to 'ap_none'.
INFO: [RTGEN 206-500] Setting interface mode on port 'mvecmult/v_30' to 'ap_none'.
INFO: [RTGEN 206-500] Setting interface mode on port 'mvecmult/v_31' to 'ap_none'.
INFO: [RTGEN 206-500] Setting interface mode on port 'mvecmult/v_32' to 'ap_none'.
INFO: [RTGEN 206-500] Setting interface mode on port 'mvecmult/v_33' to 'ap_none'.
INFO: [RTGEN 206-500] Setting interface mode on port 'mvecmult/v_34' to 'ap_none'.
INFO: [RTGEN 206-500] Setting interface mode on port 'mvecmult/v_35' to 'ap_none'.
INFO: [RTGEN 206-500] Setting interface mode on port 'mvecmult/v_36' to 'ap_none'.
INFO: [RTGEN 206-500] Setting interface mode on port 'mvecmult/v_37' to 'ap_none'.
INFO: [RTGEN 206-500] Setting interface mode on port 'mvecmult/v_38' to 'ap_none'.
INFO: [RTGEN 206-500] Setting interface mode on port 'mvecmult/v_39' to 'ap_none'.
INFO: [RTGEN 206-500] Setting interface mode on port 'mvecmult/v_40' to 'ap_none'.
INFO: [RTGEN 206-500] Setting interface mode on port 'mvecmult/v_41' to 'ap_none'.
INFO: [RTGEN 206-500] Setting interface mode on port 'mvecmult/v_42' to 'ap_none'.
INFO: [RTGEN 206-500] Setting interface mode on port 'mvecmult/v_43' to 'ap_none'.
INFO: [RTGEN 206-500] Setting interface mode on port 'mvecmult/v_44' to 'ap_none'.
INFO: [RTGEN 206-500] Setting interface mode on port 'mvecmult/v_45' to 'ap_none'.
INFO: [RTGEN 206-500] Setting interface mode on port 'mvecmult/v_46' to 'ap_none'.
INFO: [RTGEN 206-500] Setting interface mode on port 'mvecmult/v_47' to 'ap_none'.
INFO: [RTGEN 206-500] Setting interface mode on port 'mvecmult/v_48' to 'ap_none'.
INFO: [RTGEN 206-500] Setting interface mode on port 'mvecmult/v_49' to 'ap_none'.
INFO: [RTGEN 206-500] Setting interface mode on port 'mvecmult/v_50' to 'ap_none'.
INFO: [RTGEN 206-500] Setting interface mode on port 'mvecmult/v_51' to 'ap_none'.
INFO: [RTGEN 206-500] Setting interface mode on port 'mvecmult/v_52' to 'ap_none'.
INFO: [RTGEN 206-500] Setting interface mode on port 'mvecmult/v_53' to 'ap_none'.
INFO: [RTGEN 206-500] Setting interface mode on port 'mvecmult/v_54' to 'ap_none'.
INFO: [RTGEN 206-500] Setting interface mode on port 'mvecmult/v_55' to 'ap_none'.
INFO: [RTGEN 206-500] Setting interface mode on port 'mvecmult/v_56' to 'ap_none'.
INFO: [RTGEN 206-500] Setting interface mode on port 'mvecmult/v_57' to 'ap_none'.
INFO: [RTGEN 206-500] Setting interface mode on port 'mvecmult/v_58' to 'ap_none'.
INFO: [RTGEN 206-500] Setting interface mode on port 'mvecmult/v_59' to 'ap_none'.
INFO: [RTGEN 206-500] Setting interface mode on port 'mvecmult/v_60' to 'ap_none'.
INFO: [RTGEN 206-500] Setting interface mode on port 'mvecmult/v_61' to 'ap_none'.
INFO: [RTGEN 206-500] Setting interface mode on port 'mvecmult/v_62' to 'ap_none'.
INFO: [RTGEN 206-500] Setting interface mode on port 'mvecmult/v_63' to 'ap_none'.
INFO: [RTGEN 206-500] Setting interface mode on port 'mvecmult/v_64' to 'ap_none'.
INFO: [RTGEN 206-500] Setting interface mode on port 'mvecmult/v_65' to 'ap_none'.
INFO: [RTGEN 206-500] Setting interface mode on port 'mvecmult/v_66' to 'ap_none'.
INFO: [RTGEN 206-500] Setting interface mode on port 'mvecmult/v_67' to 'ap_none'.
INFO: [RTGEN 206-500] Setting interface mode on port 'mvecmult/v_68' to 'ap_none'.
INFO: [RTGEN 206-500] Setting interface mode on port 'mvecmult/v_69' to 'ap_none'.
INFO: [RTGEN 206-500] Setting interface mode on port 'mvecmult/v_70' to 'ap_none'.
INFO: [RTGEN 206-500] Setting interface mode on port 'mvecmult/v_71' to 'ap_none'.
INFO: [RTGEN 206-500] Setting interface mode on port 'mvecmult/v_72' to 'ap_none'.
INFO: [RTGEN 206-500] Setting interface mode on port 'mvecmult/v_73' to 'ap_none'.
INFO: [RTGEN 206-500] Setting interface mode on port 'mvecmult/v_74' to 'ap_none'.
INFO: [RTGEN 206-500] Setting interface mode on port 'mvecmult/v_75' to 'ap_none'.
INFO: [RTGEN 206-500] Setting interface mode on port 'mvecmult/v_76' to 'ap_none'.
INFO: [RTGEN 206-500] Setting interface mode on port 'mvecmult/v_77' to 'ap_none'.
INFO: [RTGEN 206-500] Setting interface mode on port 'mvecmult/v_78' to 'ap_none'.
INFO: [RTGEN 206-500] Setting interface mode on port 'mvecmult/v_79' to 'ap_none'.
INFO: [RTGEN 206-500] Setting interface mode on port 'mvecmult/v_80' to 'ap_none'.
INFO: [RTGEN 206-500] Setting interface mode on port 'mvecmult/v_81' to 'ap_none'.
INFO: [RTGEN 206-500] Setting interface mode on port 'mvecmult/v_82' to 'ap_none'.
INFO: [RTGEN 206-500] Setting interface mode on port 'mvecmult/v_83' to 'ap_none'.
INFO: [RTGEN 206-500] Setting interface mode on port 'mvecmult/v_84' to 'ap_none'.
INFO: [RTGEN 206-500] Setting interface mode on port 'mvecmult/v_85' to 'ap_none'.
INFO: [RTGEN 206-500] Setting interface mode on port 'mvecmult/v_86' to 'ap_none'.
INFO: [RTGEN 206-500] Setting interface mode on port 'mvecmult/v_87' to 'ap_none'.
INFO: [RTGEN 206-500] Setting interface mode on port 'mvecmult/v_88' to 'ap_none'.
INFO: [RTGEN 206-500] Setting interface mode on port 'mvecmult/v_89' to 'ap_none'.
INFO: [RTGEN 206-500] Setting interface mode on port 'mvecmult/v_90' to 'ap_none'.
INFO: [RTGEN 206-500] Setting interface mode on port 'mvecmult/v_91' to 'ap_none'.
INFO: [RTGEN 206-500] Setting interface mode on port 'mvecmult/v_92' to 'ap_none'.
INFO: [RTGEN 206-500] Setting interface mode on port 'mvecmult/v_93' to 'ap_none'.
INFO: [RTGEN 206-500] Setting interface mode on port 'mvecmult/v_94' to 'ap_none'.
INFO: [RTGEN 206-500] Setting interface mode on port 'mvecmult/v_95' to 'ap_none'.
INFO: [RTGEN 206-500] Setting interface mode on port 'mvecmult/v_96' to 'ap_none'.
INFO: [RTGEN 206-500] Setting interface mode on port 'mvecmult/v_97' to 'ap_none'.
INFO: [RTGEN 206-500] Setting interface mode on port 'mvecmult/v_98' to 'ap_none'.
INFO: [RTGEN 206-500] Setting interface mode on port 'mvecmult/v_99' to 'ap_none'.
INFO: [RTGEN 206-500] Setting interface mode on port 'mvecmult/v_100' to 'ap_none'.
INFO: [RTGEN 206-500] Setting interface mode on port 'mvecmult/v_101' to 'ap_none'.
INFO: [RTGEN 206-500] Setting interface mode on port 'mvecmult/v_102' to 'ap_none'.
INFO: [RTGEN 206-500] Setting interface mode on port 'mvecmult/v_103' to 'ap_none'.
INFO: [RTGEN 206-500] Setting interface mode on port 'mvecmult/v_104' to 'ap_none'.
INFO: [RTGEN 206-500] Setting interface mode on port 'mvecmult/v_105' to 'ap_none'.
INFO: [RTGEN 206-500] Setting interface mode on port 'mvecmult/v_106' to 'ap_none'.
INFO: [RTGEN 206-500] Setting interface mode on port 'mvecmult/v_107' to 'ap_none'.
INFO: [RTGEN 206-500] Setting interface mode on port 'mvecmult/v_108' to 'ap_none'.
INFO: [RTGEN 206-500] Setting interface mode on port 'mvecmult/v_109' to 'ap_none'.
INFO: [RTGEN 206-500] Setting interface mode on port 'mvecmult/v_110' to 'ap_none'.
INFO: [RTGEN 206-500] Setting interface mode on port 'mvecmult/v_111' to 'ap_none'.
INFO: [RTGEN 206-500] Setting interface mode on port 'mvecmult/v_112' to 'ap_none'.
INFO: [RTGEN 206-500] Setting interface mode on port 'mvecmult/v_113' to 'ap_none'.
INFO: [RTGEN 206-500] Setting interface mode on port 'mvecmult/v_114' to 'ap_none'.
INFO: [RTGEN 206-500] Setting interface mode on port 'mvecmult/v_115' to 'ap_none'.
INFO: [RTGEN 206-500] Setting interface mode on port 'mvecmult/v_116' to 'ap_none'.
INFO: [RTGEN 206-500] Setting interface mode on port 'mvecmult/v_117' to 'ap_none'.
INFO: [RTGEN 206-500] Setting interface mode on port 'mvecmult/v_118' to 'ap_none'.
INFO: [RTGEN 206-500] Setting interface mode on port 'mvecmult/v_119' to 'ap_none'.
INFO: [RTGEN 206-500] Setting interface mode on port 'mvecmult/v_120' to 'ap_none'.
INFO: [RTGEN 206-500] Setting interface mode on port 'mvecmult/v_121' to 'ap_none'.
INFO: [RTGEN 206-500] Setting interface mode on port 'mvecmult/v_122' to 'ap_none'.
INFO: [RTGEN 206-500] Setting interface mode on port 'mvecmult/v_123' to 'ap_none'.
INFO: [RTGEN 206-500] Setting interface mode on port 'mvecmult/v_124' to 'ap_none'.
INFO: [RTGEN 206-500] Setting interface mode on port 'mvecmult/v_125' to 'ap_none'.
INFO: [RTGEN 206-500] Setting interface mode on port 'mvecmult/v_126' to 'ap_none'.
INFO: [RTGEN 206-500] Setting interface mode on port 'mvecmult/v_127' to 'ap_none'.
INFO: [RTGEN 206-500] Setting interface mode on port 'mvecmult/v_128' to 'ap_none'.
INFO: [RTGEN 206-500] Setting interface mode on port 'mvecmult/v_129' to 'ap_none'.
INFO: [RTGEN 206-500] Setting interface mode on port 'mvecmult/v_130' to 'ap_none'.
INFO: [RTGEN 206-500] Setting interface mode on port 'mvecmult/v_131' to 'ap_none'.
INFO: [RTGEN 206-500] Setting interface mode on port 'mvecmult/v_132' to 'ap_none'.
INFO: [RTGEN 206-500] Setting interface mode on port 'mvecmult/v_133' to 'ap_none'.
INFO: [RTGEN 206-500] Setting interface mode on port 'mvecmult/v_134' to 'ap_none'.
INFO: [RTGEN 206-500] Setting interface mode on port 'mvecmult/v_135' to 'ap_none'.
INFO: [RTGEN 206-500] Setting interface mode on port 'mvecmult/v_136' to 'ap_none'.
INFO: [RTGEN 206-500] Setting interface mode on port 'mvecmult/v_137' to 'ap_none'.
INFO: [RTGEN 206-500] Setting interface mode on port 'mvecmult/v_138' to 'ap_none'.
INFO: [RTGEN 206-500] Setting interface mode on port 'mvecmult/v_139' to 'ap_none'.
INFO: [RTGEN 206-500] Setting interface mode on port 'mvecmult/v_140' to 'ap_none'.
INFO: [RTGEN 206-500] Setting interface mode on port 'mvecmult/v_141' to 'ap_none'.
INFO: [RTGEN 206-500] Setting interface mode on port 'mvecmult/v_142' to 'ap_none'.
INFO: [RTGEN 206-500] Setting interface mode on port 'mvecmult/v_143' to 'ap_none'.
INFO: [RTGEN 206-500] Setting interface mode on port 'mvecmult/v_144' to 'ap_none'.
INFO: [RTGEN 206-500] Setting interface mode on port 'mvecmult/v_145' to 'ap_none'.
INFO: [RTGEN 206-500] Setting interface mode on port 'mvecmult/v_146' to 'ap_none'.
INFO: [RTGEN 206-500] Setting interface mode on port 'mvecmult/v_147' to 'ap_none'.
INFO: [RTGEN 206-500] Setting interface mode on port 'mvecmult/v_148' to 'ap_none'.
INFO: [RTGEN 206-500] Setting interface mode on port 'mvecmult/v_149' to 'ap_none'.
INFO: [RTGEN 206-500] Setting interface mode on port 'mvecmult/v_150' to 'ap_none'.
INFO: [RTGEN 206-500] Setting interface mode on port 'mvecmult/v_151' to 'ap_none'.
INFO: [RTGEN 206-500] Setting interface mode on port 'mvecmult/v_152' to 'ap_none'.
INFO: [RTGEN 206-500] Setting interface mode on port 'mvecmult/v_153' to 'ap_none'.
INFO: [RTGEN 206-500] Setting interface mode on port 'mvecmult/v_154' to 'ap_none'.
INFO: [RTGEN 206-500] Setting interface mode on port 'mvecmult/v_155' to 'ap_none'.
INFO: [RTGEN 206-500] Setting interface mode on port 'mvecmult/v_156' to 'ap_none'.
INFO: [RTGEN 206-500] Setting interface mode on port 'mvecmult/v_157' to 'ap_none'.
INFO: [RTGEN 206-500] Setting interface mode on port 'mvecmult/v_158' to 'ap_none'.
INFO: [RTGEN 206-500] Setting interface mode on port 'mvecmult/v_159' to 'ap_none'.
INFO: [RTGEN 206-500] Setting interface mode on port 'mvecmult/v_160' to 'ap_none'.
INFO: [RTGEN 206-500] Setting interface mode on port 'mvecmult/v_161' to 'ap_none'.
INFO: [RTGEN 206-500] Setting interface mode on port 'mvecmult/v_162' to 'ap_none'.
INFO: [RTGEN 206-500] Setting interface mode on port 'mvecmult/v_163' to 'ap_none'.
INFO: [RTGEN 206-500] Setting interface mode on port 'mvecmult/v_164' to 'ap_none'.
INFO: [RTGEN 206-500] Setting interface mode on port 'mvecmult/v_165' to 'ap_none'.
INFO: [RTGEN 206-500] Setting interface mode on port 'mvecmult/v_166' to 'ap_none'.
INFO: [RTGEN 206-500] Setting interface mode on port 'mvecmult/v_167' to 'ap_none'.
INFO: [RTGEN 206-500] Setting interface mode on port 'mvecmult/v_168' to 'ap_none'.
INFO: [RTGEN 206-500] Setting interface mode on port 'mvecmult/v_169' to 'ap_none'.
INFO: [RTGEN 206-500] Setting interface mode on port 'mvecmult/v_170' to 'ap_none'.
INFO: [RTGEN 206-500] Setting interface mode on port 'mvecmult/v_171' to 'ap_none'.
INFO: [RTGEN 206-500] Setting interface mode on port 'mvecmult/v_172' to 'ap_none'.
INFO: [RTGEN 206-500] Setting interface mode on port 'mvecmult/v_173' to 'ap_none'.
INFO: [RTGEN 206-500] Setting interface mode on port 'mvecmult/v_174' to 'ap_none'.
INFO: [RTGEN 206-500] Setting interface mode on port 'mvecmult/v_175' to 'ap_none'.
INFO: [RTGEN 206-500] Setting interface mode on port 'mvecmult/v_176' to 'ap_none'.
INFO: [RTGEN 206-500] Setting interface mode on port 'mvecmult/v_177' to 'ap_none'.
INFO: [RTGEN 206-500] Setting interface mode on port 'mvecmult/v_178' to 'ap_none'.
INFO: [RTGEN 206-500] Setting interface mode on port 'mvecmult/v_179' to 'ap_none'.
INFO: [RTGEN 206-500] Setting interface mode on port 'mvecmult/v_180' to 'ap_none'.
INFO: [RTGEN 206-500] Setting interface mode on port 'mvecmult/v_181' to 'ap_none'.
INFO: [RTGEN 206-500] Setting interface mode on port 'mvecmult/v_182' to 'ap_none'.
INFO: [RTGEN 206-500] Setting interface mode on port 'mvecmult/v_183' to 'ap_none'.
INFO: [RTGEN 206-500] Setting interface mode on port 'mvecmult/v_184' to 'ap_none'.
INFO: [RTGEN 206-500] Setting interface mode on port 'mvecmult/v_185' to 'ap_none'.
INFO: [RTGEN 206-500] Setting interface mode on port 'mvecmult/v_186' to 'ap_none'.
INFO: [RTGEN 206-500] Setting interface mode on port 'mvecmult/v_187' to 'ap_none'.
INFO: [RTGEN 206-500] Setting interface mode on port 'mvecmult/v_188' to 'ap_none'.
INFO: [RTGEN 206-500] Setting interface mode on port 'mvecmult/v_189' to 'ap_none'.
INFO: [RTGEN 206-500] Setting interface mode on port 'mvecmult/v_190' to 'ap_none'.
INFO: [RTGEN 206-500] Setting interface mode on port 'mvecmult/v_191' to 'ap_none'.
INFO: [RTGEN 206-500] Setting interface mode on port 'mvecmult/v_192' to 'ap_none'.
INFO: [RTGEN 206-500] Setting interface mode on port 'mvecmult/v_193' to 'ap_none'.
INFO: [RTGEN 206-500] Setting interface mode on port 'mvecmult/v_194' to 'ap_none'.
INFO: [RTGEN 206-500] Setting interface mode on port 'mvecmult/v_195' to 'ap_none'.
INFO: [RTGEN 206-500] Setting interface mode on port 'mvecmult/v_196' to 'ap_none'.
INFO: [RTGEN 206-500] Setting interface mode on port 'mvecmult/v_197' to 'ap_none'.
INFO: [RTGEN 206-500] Setting interface mode on port 'mvecmult/v_198' to 'ap_none'.
INFO: [RTGEN 206-500] Setting interface mode on port 'mvecmult/v_199' to 'ap_none'.
INFO: [RTGEN 206-500] Setting interface mode on port 'mvecmult/v_200' to 'ap_none'.
INFO: [RTGEN 206-500] Setting interface mode on port 'mvecmult/v_201' to 'ap_none'.
INFO: [RTGEN 206-500] Setting interface mode on port 'mvecmult/v_202' to 'ap_none'.
INFO: [RTGEN 206-500] Setting interface mode on port 'mvecmult/v_203' to 'ap_none'.
INFO: [RTGEN 206-500] Setting interface mode on port 'mvecmult/v_204' to 'ap_none'.
INFO: [RTGEN 206-500] Setting interface mode on port 'mvecmult/v_205' to 'ap_none'.
INFO: [RTGEN 206-500] Setting interface mode on port 'mvecmult/v_206' to 'ap_none'.
INFO: [RTGEN 206-500] Setting interface mode on port 'mvecmult/v_207' to 'ap_none'.
INFO: [RTGEN 206-500] Setting interface mode on port 'mvecmult/v_208' to 'ap_none'.
INFO: [RTGEN 206-500] Setting interface mode on port 'mvecmult/v_209' to 'ap_none'.
INFO: [RTGEN 206-500] Setting interface mode on port 'mvecmult/v_210' to 'ap_none'.
INFO: [RTGEN 206-500] Setting interface mode on port 'mvecmult/v_211' to 'ap_none'.
INFO: [RTGEN 206-500] Setting interface mode on port 'mvecmult/v_212' to 'ap_none'.
INFO: [RTGEN 206-500] Setting interface mode on port 'mvecmult/v_213' to 'ap_none'.
INFO: [RTGEN 206-500] Setting interface mode on port 'mvecmult/v_214' to 'ap_none'.
INFO: [RTGEN 206-500] Setting interface mode on port 'mvecmult/v_215' to 'ap_none'.
INFO: [RTGEN 206-500] Setting interface mode on port 'mvecmult/v_216' to 'ap_none'.
INFO: [RTGEN 206-500] Setting interface mode on port 'mvecmult/v_217' to 'ap_none'.
INFO: [RTGEN 206-500] Setting interface mode on port 'mvecmult/v_218' to 'ap_none'.
INFO: [RTGEN 206-500] Setting interface mode on port 'mvecmult/v_219' to 'ap_none'.
INFO: [RTGEN 206-500] Setting interface mode on port 'mvecmult/v_220' to 'ap_none'.
INFO: [RTGEN 206-500] Setting interface mode on port 'mvecmult/v_221' to 'ap_none'.
INFO: [RTGEN 206-500] Setting interface mode on port 'mvecmult/v_222' to 'ap_none'.
INFO: [RTGEN 206-500] Setting interface mode on port 'mvecmult/v_223' to 'ap_none'.
INFO: [RTGEN 206-500] Setting interface mode on port 'mvecmult/v_224' to 'ap_none'.
INFO: [RTGEN 206-500] Setting interface mode on port 'mvecmult/v_225' to 'ap_none'.
INFO: [RTGEN 206-500] Setting interface mode on port 'mvecmult/v_226' to 'ap_none'.
INFO: [RTGEN 206-500] Setting interface mode on port 'mvecmult/v_227' to 'ap_none'.
INFO: [RTGEN 206-500] Setting interface mode on port 'mvecmult/v_228' to 'ap_none'.
INFO: [RTGEN 206-500] Setting interface mode on port 'mvecmult/v_229' to 'ap_none'.
INFO: [RTGEN 206-500] Setting interface mode on port 'mvecmult/v_230' to 'ap_none'.
INFO: [RTGEN 206-500] Setting interface mode on port 'mvecmult/v_231' to 'ap_none'.
INFO: [RTGEN 206-500] Setting interface mode on port 'mvecmult/v_232' to 'ap_none'.
INFO: [RTGEN 206-500] Setting interface mode on port 'mvecmult/v_233' to 'ap_none'.
INFO: [RTGEN 206-500] Setting interface mode on port 'mvecmult/v_234' to 'ap_none'.
INFO: [RTGEN 206-500] Setting interface mode on port 'mvecmult/v_235' to 'ap_none'.
INFO: [RTGEN 206-500] Setting interface mode on port 'mvecmult/v_236' to 'ap_none'.
INFO: [RTGEN 206-500] Setting interface mode on port 'mvecmult/v_237' to 'ap_none'.
INFO: [RTGEN 206-500] Setting interface mode on port 'mvecmult/v_238' to 'ap_none'.
INFO: [RTGEN 206-500] Setting interface mode on port 'mvecmult/v_239' to 'ap_none'.
INFO: [RTGEN 206-500] Setting interface mode on port 'mvecmult/v_240' to 'ap_none'.
INFO: [RTGEN 206-500] Setting interface mode on port 'mvecmult/v_241' to 'ap_none'.
INFO: [RTGEN 206-500] Setting interface mode on port 'mvecmult/v_242' to 'ap_none'.
INFO: [RTGEN 206-500] Setting interface mode on port 'mvecmult/v_243' to 'ap_none'.
INFO: [RTGEN 206-500] Setting interface mode on port 'mvecmult/v_244' to 'ap_none'.
INFO: [RTGEN 206-500] Setting interface mode on port 'mvecmult/v_245' to 'ap_none'.
INFO: [RTGEN 206-500] Setting interface mode on port 'mvecmult/v_246' to 'ap_none'.
INFO: [RTGEN 206-500] Setting interface mode on port 'mvecmult/v_247' to 'ap_none'.
INFO: [RTGEN 206-500] Setting interface mode on port 'mvecmult/v_248' to 'ap_none'.
INFO: [RTGEN 206-500] Setting interface mode on port 'mvecmult/v_249' to 'ap_none'.
INFO: [RTGEN 206-500] Setting interface mode on port 'mvecmult/v_250' to 'ap_none'.
INFO: [RTGEN 206-500] Setting interface mode on port 'mvecmult/v_251' to 'ap_none'.
INFO: [RTGEN 206-500] Setting interface mode on port 'mvecmult/v_252' to 'ap_none'.
INFO: [RTGEN 206-500] Setting interface mode on port 'mvecmult/v_253' to 'ap_none'.
INFO: [RTGEN 206-500] Setting interface mode on port 'mvecmult/v_254' to 'ap_none'.
INFO: [RTGEN 206-500] Setting interface mode on port 'mvecmult/v_255' to 'ap_none'.
INFO: [RTGEN 206-500] Setting interface mode on port 'mvecmult/result_0' to 'ap_ovld'.
INFO: [RTGEN 206-500] Setting interface mode on port 'mvecmult/result_1' to 'ap_ovld'.
INFO: [RTGEN 206-500] Setting interface mode on port 'mvecmult/result_2' to 'ap_ovld'.
INFO: [RTGEN 206-500] Setting interface mode on port 'mvecmult/result_3' to 'ap_ovld'.
INFO: [RTGEN 206-500] Setting interface mode on port 'mvecmult/result_4' to 'ap_ovld'.
INFO: [RTGEN 206-500] Setting interface mode on port 'mvecmult/result_5' to 'ap_ovld'.
INFO: [RTGEN 206-500] Setting interface mode on port 'mvecmult/result_6' to 'ap_ovld'.
INFO: [RTGEN 206-500] Setting interface mode on port 'mvecmult/result_7' to 'ap_ovld'.
INFO: [RTGEN 206-500] Setting interface mode on port 'mvecmult/result_8' to 'ap_ovld'.
INFO: [RTGEN 206-500] Setting interface mode on port 'mvecmult/result_9' to 'ap_ovld'.
INFO: [RTGEN 206-500] Setting interface mode on port 'mvecmult/result_10' to 'ap_ovld'.
INFO: [RTGEN 206-500] Setting interface mode on port 'mvecmult/result_11' to 'ap_ovld'.
INFO: [RTGEN 206-500] Setting interface mode on port 'mvecmult/result_12' to 'ap_ovld'.
INFO: [RTGEN 206-500] Setting interface mode on port 'mvecmult/result_13' to 'ap_ovld'.
INFO: [RTGEN 206-500] Setting interface mode on port 'mvecmult/result_14' to 'ap_ovld'.
INFO: [RTGEN 206-500] Setting interface mode on port 'mvecmult/result_15' to 'ap_ovld'.
INFO: [RTGEN 206-500] Setting interface mode on port 'mvecmult/result_16' to 'ap_ovld'.
INFO: [RTGEN 206-500] Setting interface mode on port 'mvecmult/result_17' to 'ap_ovld'.
INFO: [RTGEN 206-500] Setting interface mode on port 'mvecmult/result_18' to 'ap_ovld'.
INFO: [RTGEN 206-500] Setting interface mode on port 'mvecmult/result_19' to 'ap_ovld'.
INFO: [RTGEN 206-500] Setting interface mode on port 'mvecmult/result_20' to 'ap_ovld'.
INFO: [RTGEN 206-500] Setting interface mode on port 'mvecmult/result_21' to 'ap_ovld'.
INFO: [RTGEN 206-500] Setting interface mode on port 'mvecmult/result_22' to 'ap_ovld'.
INFO: [RTGEN 206-500] Setting interface mode on port 'mvecmult/result_23' to 'ap_ovld'.
INFO: [RTGEN 206-500] Setting interface mode on port 'mvecmult/result_24' to 'ap_ovld'.
INFO: [RTGEN 206-500] Setting interface mode on port 'mvecmult/result_25' to 'ap_ovld'.
INFO: [RTGEN 206-500] Setting interface mode on port 'mvecmult/result_26' to 'ap_ovld'.
INFO: [RTGEN 206-500] Setting interface mode on port 'mvecmult/result_27' to 'ap_ovld'.
INFO: [RTGEN 206-500] Setting interface mode on port 'mvecmult/result_28' to 'ap_ovld'.
INFO: [RTGEN 206-500] Setting interface mode on port 'mvecmult/result_29' to 'ap_ovld'.
INFO: [RTGEN 206-500] Setting interface mode on port 'mvecmult/result_30' to 'ap_ovld'.
INFO: [RTGEN 206-500] Setting interface mode on port 'mvecmult/result_31' to 'ap_ovld'.
INFO: [RTGEN 206-500] Setting interface mode on port 'mvecmult/result_32' to 'ap_ovld'.
INFO: [RTGEN 206-500] Setting interface mode on port 'mvecmult/result_33' to 'ap_ovld'.
INFO: [RTGEN 206-500] Setting interface mode on port 'mvecmult/result_34' to 'ap_ovld'.
INFO: [RTGEN 206-500] Setting interface mode on port 'mvecmult/result_35' to 'ap_ovld'.
INFO: [RTGEN 206-500] Setting interface mode on port 'mvecmult/result_36' to 'ap_ovld'.
INFO: [RTGEN 206-500] Setting interface mode on port 'mvecmult/result_37' to 'ap_ovld'.
INFO: [RTGEN 206-500] Setting interface mode on port 'mvecmult/result_38' to 'ap_ovld'.
INFO: [RTGEN 206-500] Setting interface mode on port 'mvecmult/result_39' to 'ap_ovld'.
INFO: [RTGEN 206-500] Setting interface mode on port 'mvecmult/result_40' to 'ap_ovld'.
INFO: [RTGEN 206-500] Setting interface mode on port 'mvecmult/result_41' to 'ap_ovld'.
INFO: [RTGEN 206-500] Setting interface mode on port 'mvecmult/result_42' to 'ap_ovld'.
INFO: [RTGEN 206-500] Setting interface mode on port 'mvecmult/result_43' to 'ap_ovld'.
INFO: [RTGEN 206-500] Setting interface mode on port 'mvecmult/result_44' to 'ap_ovld'.
INFO: [RTGEN 206-500] Setting interface mode on port 'mvecmult/result_45' to 'ap_ovld'.
INFO: [RTGEN 206-500] Setting interface mode on port 'mvecmult/result_46' to 'ap_ovld'.
INFO: [RTGEN 206-500] Setting interface mode on port 'mvecmult/result_47' to 'ap_ovld'.
INFO: [RTGEN 206-500] Setting interface mode on port 'mvecmult/result_48' to 'ap_ovld'.
INFO: [RTGEN 206-500] Setting interface mode on port 'mvecmult/result_49' to 'ap_ovld'.
INFO: [RTGEN 206-500] Setting interface mode on port 'mvecmult/result_50' to 'ap_ovld'.
INFO: [RTGEN 206-500] Setting interface mode on port 'mvecmult/result_51' to 'ap_ovld'.
INFO: [RTGEN 206-500] Setting interface mode on port 'mvecmult/result_52' to 'ap_ovld'.
INFO: [RTGEN 206-500] Setting interface mode on port 'mvecmult/result_53' to 'ap_ovld'.
INFO: [RTGEN 206-500] Setting interface mode on port 'mvecmult/result_54' to 'ap_ovld'.
INFO: [RTGEN 206-500] Setting interface mode on port 'mvecmult/result_55' to 'ap_ovld'.
INFO: [RTGEN 206-500] Setting interface mode on port 'mvecmult/result_56' to 'ap_ovld'.
INFO: [RTGEN 206-500] Setting interface mode on port 'mvecmult/result_57' to 'ap_ovld'.
INFO: [RTGEN 206-500] Setting interface mode on port 'mvecmult/result_58' to 'ap_ovld'.
INFO: [RTGEN 206-500] Setting interface mode on port 'mvecmult/result_59' to 'ap_ovld'.
INFO: [RTGEN 206-500] Setting interface mode on port 'mvecmult/result_60' to 'ap_ovld'.
INFO: [RTGEN 206-500] Setting interface mode on port 'mvecmult/result_61' to 'ap_ovld'.
INFO: [RTGEN 206-500] Setting interface mode on port 'mvecmult/result_62' to 'ap_ovld'.
INFO: [RTGEN 206-500] Setting interface mode on port 'mvecmult/result_63' to 'ap_ovld'.
INFO: [RTGEN 206-500] Setting interface mode on port 'mvecmult/result_64' to 'ap_ovld'.
INFO: [RTGEN 206-500] Setting interface mode on port 'mvecmult/result_65' to 'ap_ovld'.
INFO: [RTGEN 206-500] Setting interface mode on port 'mvecmult/result_66' to 'ap_ovld'.
INFO: [RTGEN 206-500] Setting interface mode on port 'mvecmult/result_67' to 'ap_ovld'.
INFO: [RTGEN 206-500] Setting interface mode on port 'mvecmult/result_68' to 'ap_ovld'.
INFO: [RTGEN 206-500] Setting interface mode on port 'mvecmult/result_69' to 'ap_ovld'.
INFO: [RTGEN 206-500] Setting interface mode on port 'mvecmult/result_70' to 'ap_ovld'.
INFO: [RTGEN 206-500] Setting interface mode on port 'mvecmult/result_71' to 'ap_ovld'.
INFO: [RTGEN 206-500] Setting interface mode on port 'mvecmult/result_72' to 'ap_ovld'.
INFO: [RTGEN 206-500] Setting interface mode on port 'mvecmult/result_73' to 'ap_ovld'.
INFO: [RTGEN 206-500] Setting interface mode on port 'mvecmult/result_74' to 'ap_ovld'.
INFO: [RTGEN 206-500] Setting interface mode on port 'mvecmult/result_75' to 'ap_ovld'.
INFO: [RTGEN 206-500] Setting interface mode on port 'mvecmult/result_76' to 'ap_ovld'.
INFO: [RTGEN 206-500] Setting interface mode on port 'mvecmult/result_77' to 'ap_ovld'.
INFO: [RTGEN 206-500] Setting interface mode on port 'mvecmult/result_78' to 'ap_ovld'.
INFO: [RTGEN 206-500] Setting interface mode on port 'mvecmult/result_79' to 'ap_ovld'.
INFO: [RTGEN 206-500] Setting interface mode on port 'mvecmult/result_80' to 'ap_ovld'.
INFO: [RTGEN 206-500] Setting interface mode on port 'mvecmult/result_81' to 'ap_ovld'.
INFO: [RTGEN 206-500] Setting interface mode on port 'mvecmult/result_82' to 'ap_ovld'.
INFO: [RTGEN 206-500] Setting interface mode on port 'mvecmult/result_83' to 'ap_ovld'.
INFO: [RTGEN 206-500] Setting interface mode on port 'mvecmult/result_84' to 'ap_ovld'.
INFO: [RTGEN 206-500] Setting interface mode on port 'mvecmult/result_85' to 'ap_ovld'.
INFO: [RTGEN 206-500] Setting interface mode on port 'mvecmult/result_86' to 'ap_ovld'.
INFO: [RTGEN 206-500] Setting interface mode on port 'mvecmult/result_87' to 'ap_ovld'.
INFO: [RTGEN 206-500] Setting interface mode on port 'mvecmult/result_88' to 'ap_ovld'.
INFO: [RTGEN 206-500] Setting interface mode on port 'mvecmult/result_89' to 'ap_ovld'.
INFO: [RTGEN 206-500] Setting interface mode on port 'mvecmult/result_90' to 'ap_ovld'.
INFO: [RTGEN 206-500] Setting interface mode on port 'mvecmult/result_91' to 'ap_ovld'.
INFO: [RTGEN 206-500] Setting interface mode on port 'mvecmult/result_92' to 'ap_ovld'.
INFO: [RTGEN 206-500] Setting interface mode on port 'mvecmult/result_93' to 'ap_ovld'.
INFO: [RTGEN 206-500] Setting interface mode on port 'mvecmult/result_94' to 'ap_ovld'.
INFO: [RTGEN 206-500] Setting interface mode on port 'mvecmult/result_95' to 'ap_ovld'.
INFO: [RTGEN 206-500] Setting interface mode on port 'mvecmult/result_96' to 'ap_ovld'.
INFO: [RTGEN 206-500] Setting interface mode on port 'mvecmult/result_97' to 'ap_ovld'.
INFO: [RTGEN 206-500] Setting interface mode on port 'mvecmult/result_98' to 'ap_ovld'.
INFO: [RTGEN 206-500] Setting interface mode on port 'mvecmult/result_99' to 'ap_ovld'.
INFO: [RTGEN 206-500] Setting interface mode on port 'mvecmult/result_100' to 'ap_ovld'.
INFO: [RTGEN 206-500] Setting interface mode on port 'mvecmult/result_101' to 'ap_ovld'.
INFO: [RTGEN 206-500] Setting interface mode on port 'mvecmult/result_102' to 'ap_ovld'.
INFO: [RTGEN 206-500] Setting interface mode on port 'mvecmult/result_103' to 'ap_ovld'.
INFO: [RTGEN 206-500] Setting interface mode on port 'mvecmult/result_104' to 'ap_ovld'.
INFO: [RTGEN 206-500] Setting interface mode on port 'mvecmult/result_105' to 'ap_ovld'.
INFO: [RTGEN 206-500] Setting interface mode on port 'mvecmult/result_106' to 'ap_ovld'.
INFO: [RTGEN 206-500] Setting interface mode on port 'mvecmult/result_107' to 'ap_ovld'.
INFO: [RTGEN 206-500] Setting interface mode on port 'mvecmult/result_108' to 'ap_ovld'.
INFO: [RTGEN 206-500] Setting interface mode on port 'mvecmult/result_109' to 'ap_ovld'.
INFO: [RTGEN 206-500] Setting interface mode on port 'mvecmult/result_110' to 'ap_ovld'.
INFO: [RTGEN 206-500] Setting interface mode on port 'mvecmult/result_111' to 'ap_ovld'.
INFO: [RTGEN 206-500] Setting interface mode on port 'mvecmult/result_112' to 'ap_ovld'.
INFO: [RTGEN 206-500] Setting interface mode on port 'mvecmult/result_113' to 'ap_ovld'.
INFO: [RTGEN 206-500] Setting interface mode on port 'mvecmult/result_114' to 'ap_ovld'.
INFO: [RTGEN 206-500] Setting interface mode on port 'mvecmult/result_115' to 'ap_ovld'.
INFO: [RTGEN 206-500] Setting interface mode on port 'mvecmult/result_116' to 'ap_ovld'.
INFO: [RTGEN 206-500] Setting interface mode on port 'mvecmult/result_117' to 'ap_ovld'.
INFO: [RTGEN 206-500] Setting interface mode on port 'mvecmult/result_118' to 'ap_ovld'.
INFO: [RTGEN 206-500] Setting interface mode on port 'mvecmult/result_119' to 'ap_ovld'.
INFO: [RTGEN 206-500] Setting interface mode on port 'mvecmult/result_120' to 'ap_ovld'.
INFO: [RTGEN 206-500] Setting interface mode on port 'mvecmult/result_121' to 'ap_ovld'.
INFO: [RTGEN 206-500] Setting interface mode on port 'mvecmult/result_122' to 'ap_ovld'.
INFO: [RTGEN 206-500] Setting interface mode on port 'mvecmult/result_123' to 'ap_ovld'.
INFO: [RTGEN 206-500] Setting interface mode on port 'mvecmult/result_124' to 'ap_ovld'.
INFO: [RTGEN 206-500] Setting interface mode on port 'mvecmult/result_125' to 'ap_ovld'.
INFO: [RTGEN 206-500] Setting interface mode on port 'mvecmult/result_126' to 'ap_ovld'.
INFO: [RTGEN 206-500] Setting interface mode on port 'mvecmult/result_127' to 'ap_ovld'.
INFO: [RTGEN 206-500] Setting interface mode on port 'mvecmult/result_128' to 'ap_ovld'.
INFO: [RTGEN 206-500] Setting interface mode on port 'mvecmult/result_129' to 'ap_ovld'.
INFO: [RTGEN 206-500] Setting interface mode on port 'mvecmult/result_130' to 'ap_ovld'.
INFO: [RTGEN 206-500] Setting interface mode on port 'mvecmult/result_131' to 'ap_ovld'.
INFO: [RTGEN 206-500] Setting interface mode on port 'mvecmult/result_132' to 'ap_ovld'.
INFO: [RTGEN 206-500] Setting interface mode on port 'mvecmult/result_133' to 'ap_ovld'.
INFO: [RTGEN 206-500] Setting interface mode on port 'mvecmult/result_134' to 'ap_ovld'.
INFO: [RTGEN 206-500] Setting interface mode on port 'mvecmult/result_135' to 'ap_ovld'.
INFO: [RTGEN 206-500] Setting interface mode on port 'mvecmult/result_136' to 'ap_ovld'.
INFO: [RTGEN 206-500] Setting interface mode on port 'mvecmult/result_137' to 'ap_ovld'.
INFO: [RTGEN 206-500] Setting interface mode on port 'mvecmult/result_138' to 'ap_ovld'.
INFO: [RTGEN 206-500] Setting interface mode on port 'mvecmult/result_139' to 'ap_ovld'.
INFO: [RTGEN 206-500] Setting interface mode on port 'mvecmult/result_140' to 'ap_ovld'.
INFO: [RTGEN 206-500] Setting interface mode on port 'mvecmult/result_141' to 'ap_ovld'.
INFO: [RTGEN 206-500] Setting interface mode on port 'mvecmult/result_142' to 'ap_ovld'.
INFO: [RTGEN 206-500] Setting interface mode on port 'mvecmult/result_143' to 'ap_ovld'.
INFO: [RTGEN 206-500] Setting interface mode on port 'mvecmult/result_144' to 'ap_ovld'.
INFO: [RTGEN 206-500] Setting interface mode on port 'mvecmult/result_145' to 'ap_ovld'.
INFO: [RTGEN 206-500] Setting interface mode on port 'mvecmult/result_146' to 'ap_ovld'.
INFO: [RTGEN 206-500] Setting interface mode on port 'mvecmult/result_147' to 'ap_ovld'.
INFO: [RTGEN 206-500] Setting interface mode on port 'mvecmult/result_148' to 'ap_ovld'.
INFO: [RTGEN 206-500] Setting interface mode on port 'mvecmult/result_149' to 'ap_ovld'.
INFO: [RTGEN 206-500] Setting interface mode on port 'mvecmult/result_150' to 'ap_ovld'.
INFO: [RTGEN 206-500] Setting interface mode on port 'mvecmult/result_151' to 'ap_ovld'.
INFO: [RTGEN 206-500] Setting interface mode on port 'mvecmult/result_152' to 'ap_ovld'.
INFO: [RTGEN 206-500] Setting interface mode on port 'mvecmult/result_153' to 'ap_ovld'.
INFO: [RTGEN 206-500] Setting interface mode on port 'mvecmult/result_154' to 'ap_ovld'.
INFO: [RTGEN 206-500] Setting interface mode on port 'mvecmult/result_155' to 'ap_ovld'.
INFO: [RTGEN 206-500] Setting interface mode on port 'mvecmult/result_156' to 'ap_ovld'.
INFO: [RTGEN 206-500] Setting interface mode on port 'mvecmult/result_157' to 'ap_ovld'.
INFO: [RTGEN 206-500] Setting interface mode on port 'mvecmult/result_158' to 'ap_ovld'.
INFO: [RTGEN 206-500] Setting interface mode on port 'mvecmult/result_159' to 'ap_ovld'.
INFO: [RTGEN 206-500] Setting interface mode on port 'mvecmult/result_160' to 'ap_ovld'.
INFO: [RTGEN 206-500] Setting interface mode on port 'mvecmult/result_161' to 'ap_ovld'.
INFO: [RTGEN 206-500] Setting interface mode on port 'mvecmult/result_162' to 'ap_ovld'.
INFO: [RTGEN 206-500] Setting interface mode on port 'mvecmult/result_163' to 'ap_ovld'.
INFO: [RTGEN 206-500] Setting interface mode on port 'mvecmult/result_164' to 'ap_ovld'.
INFO: [RTGEN 206-500] Setting interface mode on port 'mvecmult/result_165' to 'ap_ovld'.
INFO: [RTGEN 206-500] Setting interface mode on port 'mvecmult/result_166' to 'ap_ovld'.
INFO: [RTGEN 206-500] Setting interface mode on port 'mvecmult/result_167' to 'ap_ovld'.
INFO: [RTGEN 206-500] Setting interface mode on port 'mvecmult/result_168' to 'ap_ovld'.
INFO: [RTGEN 206-500] Setting interface mode on port 'mvecmult/result_169' to 'ap_ovld'.
INFO: [RTGEN 206-500] Setting interface mode on port 'mvecmult/result_170' to 'ap_ovld'.
INFO: [RTGEN 206-500] Setting interface mode on port 'mvecmult/result_171' to 'ap_ovld'.
INFO: [RTGEN 206-500] Setting interface mode on port 'mvecmult/result_172' to 'ap_ovld'.
INFO: [RTGEN 206-500] Setting interface mode on port 'mvecmult/result_173' to 'ap_ovld'.
INFO: [RTGEN 206-500] Setting interface mode on port 'mvecmult/result_174' to 'ap_ovld'.
INFO: [RTGEN 206-500] Setting interface mode on port 'mvecmult/result_175' to 'ap_ovld'.
INFO: [RTGEN 206-500] Setting interface mode on port 'mvecmult/result_176' to 'ap_ovld'.
INFO: [RTGEN 206-500] Setting interface mode on port 'mvecmult/result_177' to 'ap_ovld'.
INFO: [RTGEN 206-500] Setting interface mode on port 'mvecmult/result_178' to 'ap_ovld'.
INFO: [RTGEN 206-500] Setting interface mode on port 'mvecmult/result_179' to 'ap_ovld'.
INFO: [RTGEN 206-500] Setting interface mode on port 'mvecmult/result_180' to 'ap_ovld'.
INFO: [RTGEN 206-500] Setting interface mode on port 'mvecmult/result_181' to 'ap_ovld'.
INFO: [RTGEN 206-500] Setting interface mode on port 'mvecmult/result_182' to 'ap_ovld'.
INFO: [RTGEN 206-500] Setting interface mode on port 'mvecmult/result_183' to 'ap_ovld'.
INFO: [RTGEN 206-500] Setting interface mode on port 'mvecmult/result_184' to 'ap_ovld'.
INFO: [RTGEN 206-500] Setting interface mode on port 'mvecmult/result_185' to 'ap_ovld'.
INFO: [RTGEN 206-500] Setting interface mode on port 'mvecmult/result_186' to 'ap_ovld'.
INFO: [RTGEN 206-500] Setting interface mode on port 'mvecmult/result_187' to 'ap_ovld'.
INFO: [RTGEN 206-500] Setting interface mode on port 'mvecmult/result_188' to 'ap_ovld'.
INFO: [RTGEN 206-500] Setting interface mode on port 'mvecmult/result_189' to 'ap_ovld'.
INFO: [RTGEN 206-500] Setting interface mode on port 'mvecmult/result_190' to 'ap_ovld'.
INFO: [RTGEN 206-500] Setting interface mode on port 'mvecmult/result_191' to 'ap_ovld'.
INFO: [RTGEN 206-500] Setting interface mode on port 'mvecmult/result_192' to 'ap_ovld'.
INFO: [RTGEN 206-500] Setting interface mode on port 'mvecmult/result_193' to 'ap_ovld'.
INFO: [RTGEN 206-500] Setting interface mode on port 'mvecmult/result_194' to 'ap_ovld'.
INFO: [RTGEN 206-500] Setting interface mode on port 'mvecmult/result_195' to 'ap_ovld'.
INFO: [RTGEN 206-500] Setting interface mode on port 'mvecmult/result_196' to 'ap_ovld'.
INFO: [RTGEN 206-500] Setting interface mode on port 'mvecmult/result_197' to 'ap_ovld'.
INFO: [RTGEN 206-500] Setting interface mode on port 'mvecmult/result_198' to 'ap_ovld'.
INFO: [RTGEN 206-500] Setting interface mode on port 'mvecmult/result_199' to 'ap_ovld'.
INFO: [RTGEN 206-500] Setting interface mode on port 'mvecmult/result_200' to 'ap_ovld'.
INFO: [RTGEN 206-500] Setting interface mode on port 'mvecmult/result_201' to 'ap_ovld'.
INFO: [RTGEN 206-500] Setting interface mode on port 'mvecmult/result_202' to 'ap_ovld'.
INFO: [RTGEN 206-500] Setting interface mode on port 'mvecmult/result_203' to 'ap_ovld'.
INFO: [RTGEN 206-500] Setting interface mode on port 'mvecmult/result_204' to 'ap_ovld'.
INFO: [RTGEN 206-500] Setting interface mode on port 'mvecmult/result_205' to 'ap_ovld'.
INFO: [RTGEN 206-500] Setting interface mode on port 'mvecmult/result_206' to 'ap_ovld'.
INFO: [RTGEN 206-500] Setting interface mode on port 'mvecmult/result_207' to 'ap_ovld'.
INFO: [RTGEN 206-500] Setting interface mode on port 'mvecmult/result_208' to 'ap_ovld'.
INFO: [RTGEN 206-500] Setting interface mode on port 'mvecmult/result_209' to 'ap_ovld'.
INFO: [RTGEN 206-500] Setting interface mode on port 'mvecmult/result_210' to 'ap_ovld'.
INFO: [RTGEN 206-500] Setting interface mode on port 'mvecmult/result_211' to 'ap_ovld'.
INFO: [RTGEN 206-500] Setting interface mode on port 'mvecmult/result_212' to 'ap_ovld'.
INFO: [RTGEN 206-500] Setting interface mode on port 'mvecmult/result_213' to 'ap_ovld'.
INFO: [RTGEN 206-500] Setting interface mode on port 'mvecmult/result_214' to 'ap_ovld'.
INFO: [RTGEN 206-500] Setting interface mode on port 'mvecmult/result_215' to 'ap_ovld'.
INFO: [RTGEN 206-500] Setting interface mode on port 'mvecmult/result_216' to 'ap_ovld'.
INFO: [RTGEN 206-500] Setting interface mode on port 'mvecmult/result_217' to 'ap_ovld'.
INFO: [RTGEN 206-500] Setting interface mode on port 'mvecmult/result_218' to 'ap_ovld'.
INFO: [RTGEN 206-500] Setting interface mode on port 'mvecmult/result_219' to 'ap_ovld'.
INFO: [RTGEN 206-500] Setting interface mode on port 'mvecmult/result_220' to 'ap_ovld'.
INFO: [RTGEN 206-500] Setting interface mode on port 'mvecmult/result_221' to 'ap_ovld'.
INFO: [RTGEN 206-500] Setting interface mode on port 'mvecmult/result_222' to 'ap_ovld'.
INFO: [RTGEN 206-500] Setting interface mode on port 'mvecmult/result_223' to 'ap_ovld'.
INFO: [RTGEN 206-500] Setting interface mode on port 'mvecmult/result_224' to 'ap_ovld'.
INFO: [RTGEN 206-500] Setting interface mode on port 'mvecmult/result_225' to 'ap_ovld'.
INFO: [RTGEN 206-500] Setting interface mode on port 'mvecmult/result_226' to 'ap_ovld'.
INFO: [RTGEN 206-500] Setting interface mode on port 'mvecmult/result_227' to 'ap_ovld'.
INFO: [RTGEN 206-500] Setting interface mode on port 'mvecmult/result_228' to 'ap_ovld'.
INFO: [RTGEN 206-500] Setting interface mode on port 'mvecmult/result_229' to 'ap_ovld'.
INFO: [RTGEN 206-500] Setting interface mode on port 'mvecmult/result_230' to 'ap_ovld'.
INFO: [RTGEN 206-500] Setting interface mode on port 'mvecmult/result_231' to 'ap_ovld'.
INFO: [RTGEN 206-500] Setting interface mode on port 'mvecmult/result_232' to 'ap_ovld'.
INFO: [RTGEN 206-500] Setting interface mode on port 'mvecmult/result_233' to 'ap_ovld'.
INFO: [RTGEN 206-500] Setting interface mode on port 'mvecmult/result_234' to 'ap_ovld'.
INFO: [RTGEN 206-500] Setting interface mode on port 'mvecmult/result_235' to 'ap_ovld'.
INFO: [RTGEN 206-500] Setting interface mode on port 'mvecmult/result_236' to 'ap_ovld'.
INFO: [RTGEN 206-500] Setting interface mode on port 'mvecmult/result_237' to 'ap_ovld'.
INFO: [RTGEN 206-500] Setting interface mode on port 'mvecmult/result_238' to 'ap_ovld'.
INFO: [RTGEN 206-500] Setting interface mode on port 'mvecmult/result_239' to 'ap_ovld'.
INFO: [RTGEN 206-500] Setting interface mode on port 'mvecmult/result_240' to 'ap_ovld'.
INFO: [RTGEN 206-500] Setting interface mode on port 'mvecmult/result_241' to 'ap_ovld'.
INFO: [RTGEN 206-500] Setting interface mode on port 'mvecmult/result_242' to 'ap_ovld'.
INFO: [RTGEN 206-500] Setting interface mode on port 'mvecmult/result_243' to 'ap_ovld'.
INFO: [RTGEN 206-500] Setting interface mode on port 'mvecmult/result_244' to 'ap_ovld'.
INFO: [RTGEN 206-500] Setting interface mode on port 'mvecmult/result_245' to 'ap_ovld'.
INFO: [RTGEN 206-500] Setting interface mode on port 'mvecmult/result_246' to 'ap_ovld'.
INFO: [RTGEN 206-500] Setting interface mode on port 'mvecmult/result_247' to 'ap_ovld'.
INFO: [RTGEN 206-500] Setting interface mode on port 'mvecmult/result_248' to 'ap_ovld'.
INFO: [RTGEN 206-500] Setting interface mode on port 'mvecmult/result_249' to 'ap_ovld'.
INFO: [RTGEN 206-500] Setting interface mode on port 'mvecmult/result_250' to 'ap_ovld'.
INFO: [RTGEN 206-500] Setting interface mode on port 'mvecmult/result_251' to 'ap_ovld'.
INFO: [RTGEN 206-500] Setting interface mode on port 'mvecmult/result_252' to 'ap_ovld'.
INFO: [RTGEN 206-500] Setting interface mode on port 'mvecmult/result_253' to 'ap_ovld'.
INFO: [RTGEN 206-500] Setting interface mode on port 'mvecmult/result_254' to 'ap_ovld'.
INFO: [RTGEN 206-500] Setting interface mode on port 'mvecmult/result_255' to 'ap_ovld'.
INFO: [RTGEN 206-500] Setting interface mode on function 'mvecmult' to 'ap_ctrl_hs'.
INFO: [SYN 201-210] Renamed object name 'mvecmult_mux_832_32_1_1' to 'mvecmult_mux_832_bkb' due to the length limit 20
INFO: [SYN 201-210] Renamed object name 'mvecmult_mux_2568_32_1_1' to 'mvecmult_mux_2568cud' due to the length limit 20
INFO: [RTGEN 206-100] Generating core module 'mvecmult_mux_2568cud': 2 instance(s).
INFO: [RTGEN 206-100] Generating core module 'mvecmult_mux_832_bkb': 1 instance(s).
INFO: [RTGEN 206-100] Finished creating RTL model for 'mvecmult'.
INFO: [HLS 200-111]  Elapsed time: 10.73 seconds; current allocated memory: 179.677 MB.
INFO: [HLS 200-790] **** Loop Constraint Status: All loop constraints were satisfied.
INFO: [HLS 200-789] **** Estimated Fmax: 117.51 MHz
INFO: [HLS 200-111] Finished generating all RTL models Time (s): cpu = 00:01:09 ; elapsed = 00:01:25 . Memory (MB): peak = 1316.688 ; gain = 674.191 ; free physical = 1012 ; free virtual = 28040
INFO: [VHDL 208-304] Generating VHDL RTL for mvecmult.
INFO: [VLOG 209-307] Generating Verilog RTL for mvecmult.
INFO: [COSIM 212-47] Using XSIM for RTL simulation.
INFO: [COSIM 212-14] Instrumenting C test bench ...
   Build using "/opt/xilinx/Xilinx_Vivado_vitis_2019.2/Vivado/2019.2/tps/lnx64/gcc-6.2.0/bin/g++"
   Compiling apatb_mvecmult.cpp
   Compiling mvecmult.cpp_pre.cpp.tb.cpp
   Compiling mvecmult_tb.cpp_pre.cpp.tb.cpp
   Generating cosim.tv.exe
INFO: [COSIM 212-302] Starting C TB testing ... 
Test 1: Success
Test 2: Success
Test 3: Success
Test 4: Success
Test 5: Success
INFO: [COSIM 212-333] Generating C post check test bench ...
INFO: [COSIM 212-12] Generating RTL test bench ...
INFO: [COSIM 212-1] *** C/RTL co-simulation file generation completed. ***
INFO: [COSIM 212-323] Starting verilog simulation. 
INFO: [COSIM 212-15] Starting XSIM ...
INFO: [XSIM 43-3496] Using init file passed via -initfile option "/opt/xilinx/Xilinx_Vivado_vitis_2019.2/Vivado/2019.2/data/xsim/ip/xsim_ip.ini".
Vivado Simulator 2019.2
Copyright 1986-1999, 2001-2019 Xilinx, Inc. All Rights Reserved.
Running: /opt/xilinx/Xilinx_Vivado_vitis_2019.2/Vivado/2019.2/bin/unwrapped/lnx64.o/xelab xil_defaultlib.apatb_mvecmult_top glbl -prj mvecmult.prj -L smartconnect_v1_0 -L axi_protocol_checker_v1_1_12 -L axi_protocol_checker_v1_1_13 -L axis_protocol_checker_v1_1_11 -L axis_protocol_checker_v1_1_12 -L xil_defaultlib -L unisims_ver -L xpm --initfile /opt/xilinx/Xilinx_Vivado_vitis_2019.2/Vivado/2019.2/data/xsim/ip/xsim_ip.ini --lib ieee_proposed=./ieee_proposed -s mvecmult 
Multi-threading is on. Using 8 slave threads.
INFO: [VRFC 10-2263] Analyzing SystemVerilog file "/home/gpm58/5775_project/mvecmult_xil_prj/solution1/sim/verilog/glbl.v" into library work
INFO: [VRFC 10-311] analyzing module glbl
INFO: [VRFC 10-2263] Analyzing SystemVerilog file "/home/gpm58/5775_project/mvecmult_xil_prj/solution1/sim/verilog/mvecmult.autotb.v" into library xil_defaultlib
INFO: [VRFC 10-311] analyzing module apatb_mvecmult_top
INFO: [VRFC 10-2263] Analyzing SystemVerilog file "/home/gpm58/5775_project/mvecmult_xil_prj/solution1/sim/verilog/AESL_automem_A_0.v" into library xil_defaultlib
INFO: [VRFC 10-311] analyzing module AESL_automem_A_0
INFO: [VRFC 10-2263] Analyzing SystemVerilog file "/home/gpm58/5775_project/mvecmult_xil_prj/solution1/sim/verilog/AESL_automem_A_1.v" into library xil_defaultlib
INFO: [VRFC 10-311] analyzing module AESL_automem_A_1
INFO: [VRFC 10-2263] Analyzing SystemVerilog file "/home/gpm58/5775_project/mvecmult_xil_prj/solution1/sim/verilog/AESL_automem_A_2.v" into library xil_defaultlib
INFO: [VRFC 10-311] analyzing module AESL_automem_A_2
INFO: [VRFC 10-2263] Analyzing SystemVerilog file "/home/gpm58/5775_project/mvecmult_xil_prj/solution1/sim/verilog/AESL_automem_A_3.v" into library xil_defaultlib
INFO: [VRFC 10-311] analyzing module AESL_automem_A_3
INFO: [VRFC 10-2263] Analyzing SystemVerilog file "/home/gpm58/5775_project/mvecmult_xil_prj/solution1/sim/verilog/AESL_automem_A_4.v" into library xil_defaultlib
INFO: [VRFC 10-311] analyzing module AESL_automem_A_4
INFO: [VRFC 10-2263] Analyzing SystemVerilog file "/home/gpm58/5775_project/mvecmult_xil_prj/solution1/sim/verilog/AESL_automem_A_5.v" into library xil_defaultlib
INFO: [VRFC 10-311] analyzing module AESL_automem_A_5
INFO: [VRFC 10-2263] Analyzing SystemVerilog file "/home/gpm58/5775_project/mvecmult_xil_prj/solution1/sim/verilog/AESL_automem_A_6.v" into library xil_defaultlib
INFO: [VRFC 10-311] analyzing module AESL_automem_A_6
INFO: [VRFC 10-2263] Analyzing SystemVerilog file "/home/gpm58/5775_project/mvecmult_xil_prj/solution1/sim/verilog/AESL_automem_A_7.v" into library xil_defaultlib
INFO: [VRFC 10-311] analyzing module AESL_automem_A_7
INFO: [VRFC 10-2263] Analyzing SystemVerilog file "/home/gpm58/5775_project/mvecmult_xil_prj/solution1/sim/verilog/mvecmult.v" into library xil_defaultlib
INFO: [VRFC 10-311] analyzing module mvecmult
INFO: [VRFC 10-2263] Analyzing SystemVerilog file "/home/gpm58/5775_project/mvecmult_xil_prj/solution1/sim/verilog/mvecmult_mux_832_bkb.v" into library xil_defaultlib
INFO: [VRFC 10-311] analyzing module mvecmult_mux_832_bkb
INFO: [VRFC 10-2263] Analyzing SystemVerilog file "/home/gpm58/5775_project/mvecmult_xil_prj/solution1/sim/verilog/mvecmult_mux_2568cud.v" into library xil_defaultlib
INFO: [VRFC 10-311] analyzing module mvecmult_mux_2568cud
Starting static elaboration
Pass Through NonSizing Optimizer
Completed static elaboration
Starting simulation data flow analysis
Completed simulation data flow analysis
Time Resolution for simulation is 1ps
Compiling module xil_defaultlib.mvecmult_mux_832_bkb(ID=1)
Compiling module xil_defaultlib.mvecmult_mux_2568cud(ID=1,din256...
Compiling module xil_defaultlib.mvecmult
Compiling module xil_defaultlib.AESL_automem_A_0
Compiling module xil_defaultlib.AESL_automem_A_1
Compiling module xil_defaultlib.AESL_automem_A_2
Compiling module xil_defaultlib.AESL_automem_A_3
Compiling module xil_defaultlib.AESL_automem_A_4
Compiling module xil_defaultlib.AESL_automem_A_5
Compiling module xil_defaultlib.AESL_automem_A_6
Compiling module xil_defaultlib.AESL_automem_A_7
Compiling module xil_defaultlib.apatb_mvecmult_top
Compiling module work.glbl
Built simulation snapshot mvecmult

****** Webtalk v2019.2.1 (64-bit)
  **** SW Build 2729669 on Thu Dec  5 04:48:12 MST 2019
  **** IP Build 2729494 on Thu Dec  5 07:38:25 MST 2019
    ** Copyright 1986-2019 Xilinx, Inc. All Rights Reserved.

source /home/gpm58/5775_project/mvecmult_xil_prj/solution1/sim/verilog/xsim.dir/mvecmult/webtalk/xsim_webtalk.tcl -notrace
INFO: [Common 17-186] '/home/gpm58/5775_project/mvecmult_xil_prj/solution1/sim/verilog/xsim.dir/mvecmult/webtalk/usage_statistics_ext_xsim.xml' has been successfully sent to Xilinx on Wed Jul 26 01:47:47 2023. For additional details about this file, please refer to the WebTalk help file at /opt/xilinx/Xilinx_Vivado_vitis_2019.2/Vivado/2019.2/doc/webtalk_introduction.html.
INFO: [Common 17-206] Exiting Webtalk at Wed Jul 26 01:47:47 2023...

****** xsim v2019.2.1 (64-bit)
  **** SW Build 2729669 on Thu Dec  5 04:48:12 MST 2019
  **** IP Build 2729494 on Thu Dec  5 07:38:25 MST 2019
    ** Copyright 1986-2019 Xilinx, Inc. All Rights Reserved.

source xsim.dir/mvecmult/xsim_script.tcl
# xsim {mvecmult} -autoloadwcfg -tclbatch {mvecmult.tcl}
Vivado Simulator 2019.2
Time resolution is 1 ps
source mvecmult.tcl
## run all
////////////////////////////////////////////////////////////////////////////////////
// Inter-Transaction Progress: Completed Transaction / Total Transaction
// Intra-Transaction Progress: Measured Latency / Latency Estimation * 100%
//
// RTL Simulation : "Inter-Transaction Progress" ["Intra-Transaction Progress"] @ "Simulation Time"
////////////////////////////////////////////////////////////////////////////////////
// RTL Simulation : 0 / 5 [0.00%] @ "125000"
// RTL Simulation : 1 / 5 [100.00%] @ "2626715000"
// RTL Simulation : 2 / 5 [100.00%] @ "5253295000"
// RTL Simulation : 3 / 5 [100.00%] @ "7879875000"
// RTL Simulation : 4 / 5 [100.00%] @ "10506455000"
// RTL Simulation : 5 / 5 [100.00%] @ "13133035000"
////////////////////////////////////////////////////////////////////////////////////
$finish called at time : 13133075 ns : File "/home/gpm58/5775_project/mvecmult_xil_prj/solution1/sim/verilog/mvecmult.autotb.v" Line 47672
run: Time (s): cpu = 00:00:00.12 ; elapsed = 00:07:10 . Memory (MB): peak = 1910.148 ; gain = 0.004 ; free physical = 913 ; free virtual = 27874
## quit
INFO: [Common 17-206] Exiting xsim at Wed Jul 26 01:55:11 2023...
INFO: [COSIM 212-316] Starting C post checking ...
Test 1: Failure
Test 2: Failure
Test 3: Failure
Test 4: Failure
Test 5: Failure
INFO: [COSIM 212-1000] *** C/RTL co-simulation finished: PASS ***
INFO: [IMPL 213-8] Exporting RTL as a Vivado IP.

****** Vivado v2019.2.1 (64-bit)
  **** SW Build 2729669 on Thu Dec  5 04:48:12 MST 2019
  **** IP Build 2729494 on Thu Dec  5 07:38:25 MST 2019
    ** Copyright 1986-2019 Xilinx, Inc. All Rights Reserved.

source run_ippack.tcl -notrace
INFO: [IP_Flow 19-234] Refreshing IP repositories
INFO: [IP_Flow 19-1704] No user IP repositories specified
INFO: [IP_Flow 19-2313] Loaded Vivado IP repository '/opt/xilinx/Xilinx_Vivado_vitis_2019.2/Vivado/2019.2/data/ip'.
INFO: [Common 17-206] Exiting Vivado at Wed Jul 26 01:56:12 2023...
INFO: [HLS 200-112] Total elapsed time: 684.37 seconds; peak allocated memory: 198.482 MB.
INFO: [Common 17-206] Exiting vivado_hls at Wed Jul 26 01:56:22 2023...
